TN:
SF:src\modules\appointments\services\CreateAppointmentService.ts
FN:15,CreateAppointmentService
FN:20,execute
FNF:2
FNH:2
FNDA:2,CreateAppointmentService
FNDA:3,execute
DA:1,1
DA:2,1
DA:3,1
DA:4,1
DA:5,1
DA:6,1
DA:7,1
DA:8,1
DA:9,1
DA:10,1
DA:11,1
DA:12,1
DA:13,1
DA:14,1
DA:15,1
DA:16,2
DA:17,2
DA:18,1
DA:19,1
DA:20,1
DA:21,3
DA:22,3
DA:23,3
DA:24,3
DA:25,3
DA:26,1
DA:27,3
DA:28,2
DA:29,2
DA:30,2
DA:31,2
DA:32,2
DA:33,2
DA:34,2
DA:35,3
DA:36,1
DA:37,1
DA:38,1
LF:38
LH:38
BRDA:15,0,0,2
BRDA:20,1,0,3
BRDA:20,2,0,3
BRDA:25,3,0,1
BRDA:27,4,0,2
BRF:5
BRH:5
end_of_record
TN:
SF:src\modules\users\services\CreateSessionService.ts
FN:21,CreateSessionService
FN:29,execute
FNF:2
FNH:2
FNDA:3,CreateSessionService
FNDA:3,execute
DA:1,1
DA:2,1
DA:3,1
DA:4,1
DA:5,1
DA:6,1
DA:7,1
DA:8,1
DA:9,1
DA:10,1
DA:11,1
DA:12,1
DA:13,1
DA:14,1
DA:15,1
DA:16,1
DA:17,1
DA:18,1
DA:19,1
DA:20,1
DA:21,1
DA:22,3
DA:23,3
DA:24,3
DA:25,3
DA:26,3
DA:27,1
DA:28,1
DA:29,1
DA:30,3
DA:31,3
DA:32,3
DA:33,1
DA:34,1
DA:35,2
DA:36,2
DA:37,1
DA:38,3
DA:39,0
DA:40,3
DA:41,1
DA:42,1
DA:43,1
DA:44,1
DA:45,1
DA:46,1
DA:47,1
DA:48,1
DA:49,1
DA:50,1
DA:51,1
DA:52,1
DA:53,1
LF:53
LH:52
BRDA:21,0,0,3
BRDA:29,1,0,3
BRDA:29,2,0,3
BRDA:32,3,0,1
BRDA:35,4,0,2
BRDA:37,5,0,1
BRDA:38,6,0,0
BRDA:40,7,0,1
BRF:8
BRH:7
end_of_record
TN:
SF:src\modules\users\services\CreateUserService.ts
FN:15,CreateUserService
FN:23,execute
FNF:2
FNH:2
FNDA:4,CreateUserService
FNDA:5,execute
DA:1,1
DA:2,1
DA:3,1
DA:4,1
DA:5,1
DA:6,1
DA:7,1
DA:8,1
DA:9,1
DA:10,1
DA:11,1
DA:12,1
DA:13,1
DA:14,1
DA:15,1
DA:16,4
DA:17,4
DA:18,4
DA:19,4
DA:20,4
DA:21,1
DA:22,1
DA:23,1
DA:24,5
DA:25,5
DA:26,5
DA:27,1
DA:28,1
DA:29,4
DA:30,4
DA:31,4
DA:32,4
DA:33,4
DA:34,4
DA:35,4
DA:36,4
DA:37,4
DA:38,4
DA:39,4
DA:40,1
DA:41,1
DA:42,1
LF:42
LH:42
BRDA:15,0,0,4
BRDA:23,1,0,5
BRDA:23,2,0,5
BRDA:26,3,0,1
BRDA:29,4,0,4
BRF:5
BRH:5
end_of_record
TN:
SF:src\modules\users\services\UpdateUserAvatarService.ts
FN:14,UpdateUserAvatarService
FN:23,execute
FNF:2
FNH:2
FNDA:3,UpdateUserAvatarService
FNDA:4,execute
DA:1,1
DA:2,1
DA:3,1
DA:4,1
DA:5,1
DA:6,1
DA:7,1
DA:8,1
DA:9,1
DA:10,1
DA:11,1
DA:12,1
DA:13,1
DA:14,1
DA:15,3
DA:16,3
DA:17,3
DA:18,3
DA:19,3
DA:20,3
DA:21,1
DA:22,1
DA:23,1
DA:24,4
DA:25,4
DA:26,4
DA:27,1
DA:28,1
DA:29,3
DA:30,4
DA:31,1
DA:32,1
DA:33,3
DA:34,3
DA:35,3
DA:36,3
DA:37,3
DA:38,3
DA:39,3
DA:40,1
DA:41,1
DA:42,1
LF:42
LH:42
BRDA:14,0,0,3
BRDA:23,1,0,4
BRDA:23,2,0,4
BRDA:26,3,0,1
BRDA:29,4,0,3
BRDA:30,5,0,1
BRDA:33,6,0,3
BRF:7
BRH:7
end_of_record
